21-11-2023 02:40:28	[33mwarn[39m	warning information
21-11-2023 02:40:28	[32minfo[39m	information
21-11-2023 02:40:31	[33mwarn[39m	warning information
21-11-2023 02:40:31	[32minfo[39m	information
21-11-2023 02:41:09	warn	warning information
21-11-2023 02:41:09	info	information
21-11-2023 02:43:23	warn	warning information
21-11-2023 02:43:23	info	information
21-11-2023 02:43:24	warn	warning information
21-11-2023 02:43:24	info	information
21-11-2023 02:43:29	warn	warning information
21-11-2023 02:43:29	info	information
2023-11-20T21:15:24.499Z	warn	warning information
2023-11-20T21:15:24.501Z	info	information
2023-11-20T21:18:12.995Z	warn	warning information
2023-11-20T21:18:12.996Z	info	information
21-11-2023 02:48:16	warn	warning information
21-11-2023 02:48:16	info	information
21-11-2023 02:54:11	info	register route accessed
21-11-2023 02:54:16	info	login route accessed
21-11-2023 03:13:39	info	login route accessed
21-11-2023 03:14:57	info	login route accessed
21-11-2023 03:15:17	info	login route accessed
21-11-2023 03:15:18	info	login route accessed
21-11-2023 03:15:21	info	login route accessed
21-11-2023 03:16:40	info	login route accessed
21-11-2023 03:16:52	info	login route accessed
21-11-2023 03:17:02	info	login route accessed
21-11-2023 03:24:34	info	login route accessed
21-11-2023 03:47:23	info	login route accessed
21-11-2023 03:48:59	info	login route accessed
21-11-2023 03:52:51	info	login route accessed
21-11-2023 03:54:55	info	login route accessed
21-11-2023 03:55:08	info	login route accessed
21-11-2023 03:56:23	info	login route accessed
21-11-2023 04:00:28	info	login route accessed
21-11-2023 12:28:16	info	login route accessed
21-11-2023 12:47:31	info	login route accessed
21-11-2023 12:48:11	info	login route accessed
21-11-2023 13:25:36	info	login route accessed
21-11-2023 13:55:30	info	login route accessed
21-11-2023 13:55:39	info	login route accessed
22-11-2023 03:23:45	info	login route accessed
22-11-2023 03:23:53	info	login route accessed
22-11-2023 03:24:19	info	login route accessed
22-11-2023 03:24:40	info	login route accessed
22-11-2023 03:27:39	info	login route accessed
22-11-2023 03:31:00	info	login route accessed
22-11-2023 03:33:08	info	login route accessed
